2020-05-25 13:43:18.521 [ main ] - [ DEBUG ] [ com.hd.beast.BeastApplication : 56 ] - Running with Spring Boot v2.3.0.RELEASE, Spring v5.2.6.RELEASE
2020-05-25 13:43:20.137 [ main ] - [ DEBUG ] [ org.apache.ibatis.logging.LogFactory : 105 ] - Logging initialized using 'class org.apache.ibatis.logging.slf4j.Slf4jImpl' adapter.
2020-05-25 13:43:20.143 [ main ] - [ DEBUG ] [ org.mybatis.spring.mapper.ClassPathMapperScanner : 435 ] - Identified candidate component class: file [D:\xm\hd_springboot\target\classes\com\hd\beast\mapper\mapper2\TManagerCommodityMapper.class]
2020-05-25 13:43:20.145 [ main ] - [ DEBUG ] [ org.mybatis.spring.mapper.ClassPathMapperScanner : 49 ] - Creating MapperFactoryBean with name 'TManagerCommodityMapper' and 'com.hd.beast.mapper.mapper2.TManagerCommodityMapper' mapperInterface
2020-05-25 13:43:20.158 [ main ] - [ DEBUG ] [ org.mybatis.spring.mapper.ClassPathMapperScanner : 435 ] - Identified candidate component class: file [D:\xm\hd_springboot\target\classes\com\hd\beast\mapper\mapper1\TGoodsPlayPointMapper.class]
2020-05-25 13:43:20.159 [ main ] - [ DEBUG ] [ org.mybatis.spring.mapper.ClassPathMapperScanner : 49 ] - Creating MapperFactoryBean with name 'TGoodsPlayPointMapper' and 'com.hd.beast.mapper.mapper1.TGoodsPlayPointMapper' mapperInterface
2020-05-25 13:43:21.921 [ main ] - [ DEBUG ] [ org.mybatis.spring.SqlSessionFactoryBean : 49 ] - Property 'configuration' or 'configLocation' not specified, using default MyBatis Configuration
2020-05-25 13:43:21.981 [ main ] - [ DEBUG ] [ org.mybatis.spring.SqlSessionFactoryBean : 49 ] - Registered plugin: 'com.github.pagehelper.PageInterceptor@7fb53256'
2020-05-25 13:43:22.204 [ main ] - [ DEBUG ] [ org.mybatis.spring.SqlSessionFactoryBean : 49 ] - Parsed mapper file: 'file [D:\xm\hd_springboot\target\classes\mapping\mapping2\TManagerCommodityMapper.xml]'
2020-05-25 13:43:22.305 [ main ] - [ DEBUG ] [ org.mybatis.spring.SqlSessionFactoryBean : 49 ] - Property 'configuration' or 'configLocation' not specified, using default MyBatis Configuration
2020-05-25 13:43:22.306 [ main ] - [ DEBUG ] [ org.mybatis.spring.SqlSessionFactoryBean : 49 ] - Registered plugin: 'com.github.pagehelper.PageInterceptor@483b0690'
2020-05-25 13:43:22.411 [ main ] - [ DEBUG ] [ org.mybatis.spring.SqlSessionFactoryBean : 49 ] - Parsed mapper file: 'file [D:\xm\hd_springboot\target\classes\mapping\mapping1\TGoodsPlayPointMapper.xml]'
2020-05-25 14:12:04.721 [ main ] - [ DEBUG ] [ com.hd.beast.BeastApplication : 56 ] - Running with Spring Boot v2.3.0.RELEASE, Spring v5.2.6.RELEASE
2020-05-25 14:12:05.981 [ main ] - [ DEBUG ] [ org.apache.ibatis.logging.LogFactory : 105 ] - Logging initialized using 'class org.apache.ibatis.logging.slf4j.Slf4jImpl' adapter.
2020-05-25 14:12:05.987 [ main ] - [ DEBUG ] [ org.mybatis.spring.mapper.ClassPathMapperScanner : 435 ] - Identified candidate component class: file [D:\xm\hd_springboot\target\classes\com\hd\beast\mapper\mapper2\TManagerCommodityMapper.class]
2020-05-25 14:12:05.987 [ main ] - [ DEBUG ] [ org.mybatis.spring.mapper.ClassPathMapperScanner : 49 ] - Creating MapperFactoryBean with name 'TManagerCommodityMapper' and 'com.hd.beast.mapper.mapper2.TManagerCommodityMapper' mapperInterface
2020-05-25 14:12:05.995 [ main ] - [ DEBUG ] [ org.mybatis.spring.mapper.ClassPathMapperScanner : 435 ] - Identified candidate component class: file [D:\xm\hd_springboot\target\classes\com\hd\beast\mapper\mapper1\TGoodsPlayPointMapper.class]
2020-05-25 14:12:05.995 [ main ] - [ DEBUG ] [ org.mybatis.spring.mapper.ClassPathMapperScanner : 49 ] - Creating MapperFactoryBean with name 'TGoodsPlayPointMapper' and 'com.hd.beast.mapper.mapper1.TGoodsPlayPointMapper' mapperInterface
2020-05-25 14:12:06.981 [ main ] - [ DEBUG ] [ org.mybatis.spring.SqlSessionFactoryBean : 49 ] - Property 'configuration' or 'configLocation' not specified, using default MyBatis Configuration
2020-05-25 14:12:07.024 [ main ] - [ DEBUG ] [ org.mybatis.spring.SqlSessionFactoryBean : 49 ] - Registered plugin: 'com.github.pagehelper.PageInterceptor@138aa3cc'
2020-05-25 14:12:07.163 [ main ] - [ DEBUG ] [ org.mybatis.spring.SqlSessionFactoryBean : 49 ] - Parsed mapper file: 'file [D:\xm\hd_springboot\target\classes\mapping\mapping2\TManagerCommodityMapper.xml]'
2020-05-25 14:12:07.182 [ main ] - [ DEBUG ] [ org.mybatis.spring.SqlSessionFactoryBean : 49 ] - Property 'configuration' or 'configLocation' not specified, using default MyBatis Configuration
2020-05-25 14:12:07.183 [ main ] - [ DEBUG ] [ org.mybatis.spring.SqlSessionFactoryBean : 49 ] - Registered plugin: 'com.github.pagehelper.PageInterceptor@642857e0'
2020-05-25 14:12:07.216 [ main ] - [ DEBUG ] [ org.mybatis.spring.SqlSessionFactoryBean : 49 ] - Parsed mapper file: 'file [D:\xm\hd_springboot\target\classes\mapping\mapping1\TGoodsPlayPointMapper.xml]'
2020-05-25 14:57:27.256 [ main ] - [ DEBUG ] [ com.hd.beast.BeastApplication : 56 ] - Running with Spring Boot v2.3.0.RELEASE, Spring v5.2.6.RELEASE
2020-05-25 14:57:28.965 [ main ] - [ DEBUG ] [ org.apache.ibatis.logging.LogFactory : 105 ] - Logging initialized using 'class org.apache.ibatis.logging.slf4j.Slf4jImpl' adapter.
2020-05-25 14:57:28.970 [ main ] - [ DEBUG ] [ org.mybatis.spring.mapper.ClassPathMapperScanner : 435 ] - Identified candidate component class: file [D:\xm\hd_springboot\target\classes\com\hd\beast\mapper\mapper2\TManagerCommodityMapper.class]
2020-05-25 14:57:28.971 [ main ] - [ DEBUG ] [ org.mybatis.spring.mapper.ClassPathMapperScanner : 49 ] - Creating MapperFactoryBean with name 'TManagerCommodityMapper' and 'com.hd.beast.mapper.mapper2.TManagerCommodityMapper' mapperInterface
2020-05-25 14:57:28.986 [ main ] - [ DEBUG ] [ org.mybatis.spring.mapper.ClassPathMapperScanner : 435 ] - Identified candidate component class: file [D:\xm\hd_springboot\target\classes\com\hd\beast\mapper\mapper1\TGoodsPlayPointMapper.class]
2020-05-25 14:57:28.986 [ main ] - [ DEBUG ] [ org.mybatis.spring.mapper.ClassPathMapperScanner : 49 ] - Creating MapperFactoryBean with name 'TGoodsPlayPointMapper' and 'com.hd.beast.mapper.mapper1.TGoodsPlayPointMapper' mapperInterface
2020-05-25 14:57:29.972 [ main ] - [ DEBUG ] [ org.mybatis.spring.SqlSessionFactoryBean : 49 ] - Property 'configuration' or 'configLocation' not specified, using default MyBatis Configuration
2020-05-25 14:57:30.017 [ main ] - [ DEBUG ] [ org.mybatis.spring.SqlSessionFactoryBean : 49 ] - Registered plugin: 'com.github.pagehelper.PageInterceptor@21da4b5f'
2020-05-25 14:57:30.158 [ main ] - [ DEBUG ] [ org.mybatis.spring.SqlSessionFactoryBean : 49 ] - Parsed mapper file: 'file [D:\xm\hd_springboot\target\classes\mapping\mapping2\TManagerCommodityMapper.xml]'
2020-05-25 14:57:30.185 [ main ] - [ DEBUG ] [ org.mybatis.spring.SqlSessionFactoryBean : 49 ] - Property 'configuration' or 'configLocation' not specified, using default MyBatis Configuration
2020-05-25 14:57:30.186 [ main ] - [ DEBUG ] [ org.mybatis.spring.SqlSessionFactoryBean : 49 ] - Registered plugin: 'com.github.pagehelper.PageInterceptor@2954f6ab'
2020-05-25 14:57:30.229 [ main ] - [ DEBUG ] [ org.mybatis.spring.SqlSessionFactoryBean : 49 ] - Parsed mapper file: 'file [D:\xm\hd_springboot\target\classes\mapping\mapping1\TGoodsPlayPointMapper.xml]'
2020-05-25 15:20:53.332 [ main ] - [ DEBUG ] [ com.hd.beast.BeastApplication : 56 ] - Running with Spring Boot v2.3.0.RELEASE, Spring v5.2.6.RELEASE
2020-05-25 15:20:54.532 [ main ] - [ DEBUG ] [ org.apache.ibatis.logging.LogFactory : 105 ] - Logging initialized using 'class org.apache.ibatis.logging.slf4j.Slf4jImpl' adapter.
2020-05-25 15:20:54.535 [ main ] - [ DEBUG ] [ org.mybatis.spring.mapper.ClassPathMapperScanner : 435 ] - Identified candidate component class: file [D:\xm\hd_springboot\target\classes\com\hd\beast\mapper\mapper2\TManagerCommodityMapper.class]
2020-05-25 15:20:54.535 [ main ] - [ DEBUG ] [ org.mybatis.spring.mapper.ClassPathMapperScanner : 49 ] - Creating MapperFactoryBean with name 'TManagerCommodityMapper' and 'com.hd.beast.mapper.mapper2.TManagerCommodityMapper' mapperInterface
2020-05-25 15:20:54.545 [ main ] - [ DEBUG ] [ org.mybatis.spring.mapper.ClassPathMapperScanner : 435 ] - Identified candidate component class: file [D:\xm\hd_springboot\target\classes\com\hd\beast\mapper\mapper1\TGoodsPlayPointMapper.class]
2020-05-25 15:20:54.545 [ main ] - [ DEBUG ] [ org.mybatis.spring.mapper.ClassPathMapperScanner : 49 ] - Creating MapperFactoryBean with name 'TGoodsPlayPointMapper' and 'com.hd.beast.mapper.mapper1.TGoodsPlayPointMapper' mapperInterface
2020-05-25 15:20:55.563 [ main ] - [ DEBUG ] [ org.mybatis.spring.SqlSessionFactoryBean : 49 ] - Property 'configuration' or 'configLocation' not specified, using default MyBatis Configuration
2020-05-25 15:20:55.613 [ main ] - [ DEBUG ] [ org.mybatis.spring.SqlSessionFactoryBean : 49 ] - Registered plugin: 'com.github.pagehelper.PageInterceptor@485e13d7'
2020-05-25 15:20:55.803 [ main ] - [ DEBUG ] [ org.mybatis.spring.SqlSessionFactoryBean : 49 ] - Parsed mapper file: 'file [D:\xm\hd_springboot\target\classes\mapping\mapping2\TManagerCommodityMapper.xml]'
2020-05-25 15:20:55.829 [ main ] - [ DEBUG ] [ org.mybatis.spring.SqlSessionFactoryBean : 49 ] - Property 'configuration' or 'configLocation' not specified, using default MyBatis Configuration
2020-05-25 15:20:55.830 [ main ] - [ DEBUG ] [ org.mybatis.spring.SqlSessionFactoryBean : 49 ] - Registered plugin: 'com.github.pagehelper.PageInterceptor@5b9499fe'
2020-05-25 15:20:55.860 [ main ] - [ DEBUG ] [ org.mybatis.spring.SqlSessionFactoryBean : 49 ] - Parsed mapper file: 'file [D:\xm\hd_springboot\target\classes\mapping\mapping1\TGoodsPlayPointMapper.xml]'
2020-05-25 15:21:50.663 [ main ] - [ DEBUG ] [ com.hd.beast.BeastApplication : 56 ] - Running with Spring Boot v2.3.0.RELEASE, Spring v5.2.6.RELEASE
2020-05-25 15:21:51.746 [ main ] - [ DEBUG ] [ org.apache.ibatis.logging.LogFactory : 105 ] - Logging initialized using 'class org.apache.ibatis.logging.slf4j.Slf4jImpl' adapter.
2020-05-25 15:21:51.749 [ main ] - [ DEBUG ] [ org.mybatis.spring.mapper.ClassPathMapperScanner : 435 ] - Identified candidate component class: file [D:\xm\hd_springboot\target\classes\com\hd\beast\mapper\mapper2\TManagerCommodityMapper.class]
2020-05-25 15:21:51.750 [ main ] - [ DEBUG ] [ org.mybatis.spring.mapper.ClassPathMapperScanner : 49 ] - Creating MapperFactoryBean with name 'TManagerCommodityMapper' and 'com.hd.beast.mapper.mapper2.TManagerCommodityMapper' mapperInterface
2020-05-25 15:21:51.759 [ main ] - [ DEBUG ] [ org.mybatis.spring.mapper.ClassPathMapperScanner : 435 ] - Identified candidate component class: file [D:\xm\hd_springboot\target\classes\com\hd\beast\mapper\mapper1\TGoodsPlayPointMapper.class]
2020-05-25 15:21:51.760 [ main ] - [ DEBUG ] [ org.mybatis.spring.mapper.ClassPathMapperScanner : 49 ] - Creating MapperFactoryBean with name 'TGoodsPlayPointMapper' and 'com.hd.beast.mapper.mapper1.TGoodsPlayPointMapper' mapperInterface
2020-05-25 15:21:52.767 [ main ] - [ DEBUG ] [ org.mybatis.spring.SqlSessionFactoryBean : 49 ] - Property 'configuration' or 'configLocation' not specified, using default MyBatis Configuration
2020-05-25 15:21:52.810 [ main ] - [ DEBUG ] [ org.mybatis.spring.SqlSessionFactoryBean : 49 ] - Registered plugin: 'com.github.pagehelper.PageInterceptor@10db6131'
2020-05-25 15:21:52.945 [ main ] - [ DEBUG ] [ org.mybatis.spring.SqlSessionFactoryBean : 49 ] - Parsed mapper file: 'file [D:\xm\hd_springboot\target\classes\mapping\mapping2\TManagerCommodityMapper.xml]'
2020-05-25 15:21:52.964 [ main ] - [ DEBUG ] [ org.mybatis.spring.SqlSessionFactoryBean : 49 ] - Property 'configuration' or 'configLocation' not specified, using default MyBatis Configuration
2020-05-25 15:21:52.964 [ main ] - [ DEBUG ] [ org.mybatis.spring.SqlSessionFactoryBean : 49 ] - Registered plugin: 'com.github.pagehelper.PageInterceptor@10a98392'
2020-05-25 15:21:52.993 [ main ] - [ DEBUG ] [ org.mybatis.spring.SqlSessionFactoryBean : 49 ] - Parsed mapper file: 'file [D:\xm\hd_springboot\target\classes\mapping\mapping1\TGoodsPlayPointMapper.xml]'
2020-05-25 15:23:51.472 [ main ] - [ DEBUG ] [ com.hd.beast.BeastApplication : 56 ] - Running with Spring Boot v2.3.0.RELEASE, Spring v5.2.6.RELEASE
2020-05-25 15:23:52.717 [ main ] - [ DEBUG ] [ org.apache.ibatis.logging.LogFactory : 105 ] - Logging initialized using 'class org.apache.ibatis.logging.slf4j.Slf4jImpl' adapter.
2020-05-25 15:23:52.720 [ main ] - [ DEBUG ] [ org.mybatis.spring.mapper.ClassPathMapperScanner : 435 ] - Identified candidate component class: file [D:\xm\hd_springboot\target\classes\com\hd\beast\mapper\mapper2\TManagerCommodityMapper.class]
2020-05-25 15:23:52.720 [ main ] - [ DEBUG ] [ org.mybatis.spring.mapper.ClassPathMapperScanner : 49 ] - Creating MapperFactoryBean with name 'TManagerCommodityMapper' and 'com.hd.beast.mapper.mapper2.TManagerCommodityMapper' mapperInterface
2020-05-25 15:23:52.729 [ main ] - [ DEBUG ] [ org.mybatis.spring.mapper.ClassPathMapperScanner : 435 ] - Identified candidate component class: file [D:\xm\hd_springboot\target\classes\com\hd\beast\mapper\mapper1\TGoodsPlayPointMapper.class]
2020-05-25 15:23:52.730 [ main ] - [ DEBUG ] [ org.mybatis.spring.mapper.ClassPathMapperScanner : 49 ] - Creating MapperFactoryBean with name 'TGoodsPlayPointMapper' and 'com.hd.beast.mapper.mapper1.TGoodsPlayPointMapper' mapperInterface
2020-05-25 15:23:53.696 [ main ] - [ DEBUG ] [ org.mybatis.spring.SqlSessionFactoryBean : 49 ] - Property 'configuration' or 'configLocation' not specified, using default MyBatis Configuration
2020-05-25 15:23:53.741 [ main ] - [ DEBUG ] [ org.mybatis.spring.SqlSessionFactoryBean : 49 ] - Registered plugin: 'com.github.pagehelper.PageInterceptor@1d50a7ca'
2020-05-25 15:23:53.895 [ main ] - [ DEBUG ] [ org.mybatis.spring.SqlSessionFactoryBean : 49 ] - Parsed mapper file: 'file [D:\xm\hd_springboot\target\classes\mapping\mapping2\TManagerCommodityMapper.xml]'
2020-05-25 15:23:53.922 [ main ] - [ DEBUG ] [ org.mybatis.spring.SqlSessionFactoryBean : 49 ] - Property 'configuration' or 'configLocation' not specified, using default MyBatis Configuration
2020-05-25 15:23:53.923 [ main ] - [ DEBUG ] [ org.mybatis.spring.SqlSessionFactoryBean : 49 ] - Registered plugin: 'com.github.pagehelper.PageInterceptor@58658f63'
2020-05-25 15:23:53.951 [ main ] - [ DEBUG ] [ org.mybatis.spring.SqlSessionFactoryBean : 49 ] - Parsed mapper file: 'file [D:\xm\hd_springboot\target\classes\mapping\mapping1\TGoodsPlayPointMapper.xml]'
2020-05-25 15:26:33.171 [ main ] - [ DEBUG ] [ com.hd.beast.BeastApplication : 56 ] - Running with Spring Boot v2.3.0.RELEASE, Spring v5.2.6.RELEASE
2020-05-25 15:26:34.541 [ main ] - [ DEBUG ] [ org.apache.ibatis.logging.LogFactory : 105 ] - Logging initialized using 'class org.apache.ibatis.logging.slf4j.Slf4jImpl' adapter.
2020-05-25 15:26:34.544 [ main ] - [ DEBUG ] [ org.mybatis.spring.mapper.ClassPathMapperScanner : 435 ] - Identified candidate component class: file [D:\xm\hd_springboot\target\classes\com\hd\beast\mapper\mapper2\TManagerCommodityMapper.class]
2020-05-25 15:26:34.546 [ main ] - [ DEBUG ] [ org.mybatis.spring.mapper.ClassPathMapperScanner : 49 ] - Creating MapperFactoryBean with name 'TManagerCommodityMapper' and 'com.hd.beast.mapper.mapper2.TManagerCommodityMapper' mapperInterface
2020-05-25 15:26:34.554 [ main ] - [ DEBUG ] [ org.mybatis.spring.mapper.ClassPathMapperScanner : 435 ] - Identified candidate component class: file [D:\xm\hd_springboot\target\classes\com\hd\beast\mapper\mapper1\TGoodsPlayPointMapper.class]
2020-05-25 15:26:34.555 [ main ] - [ DEBUG ] [ org.mybatis.spring.mapper.ClassPathMapperScanner : 49 ] - Creating MapperFactoryBean with name 'TGoodsPlayPointMapper' and 'com.hd.beast.mapper.mapper1.TGoodsPlayPointMapper' mapperInterface
2020-05-25 15:26:35.646 [ main ] - [ DEBUG ] [ org.mybatis.spring.SqlSessionFactoryBean : 49 ] - Property 'configuration' or 'configLocation' not specified, using default MyBatis Configuration
2020-05-25 15:26:35.689 [ main ] - [ DEBUG ] [ org.mybatis.spring.SqlSessionFactoryBean : 49 ] - Registered plugin: 'com.github.pagehelper.PageInterceptor@2f9a4401'
2020-05-25 15:26:35.832 [ main ] - [ DEBUG ] [ org.mybatis.spring.SqlSessionFactoryBean : 49 ] - Parsed mapper file: 'file [D:\xm\hd_springboot\target\classes\mapping\mapping2\TManagerCommodityMapper.xml]'
2020-05-25 15:26:35.851 [ main ] - [ DEBUG ] [ org.mybatis.spring.SqlSessionFactoryBean : 49 ] - Property 'configuration' or 'configLocation' not specified, using default MyBatis Configuration
2020-05-25 15:26:35.853 [ main ] - [ DEBUG ] [ org.mybatis.spring.SqlSessionFactoryBean : 49 ] - Registered plugin: 'com.github.pagehelper.PageInterceptor@63cf9de0'
2020-05-25 15:26:35.885 [ main ] - [ DEBUG ] [ org.mybatis.spring.SqlSessionFactoryBean : 49 ] - Parsed mapper file: 'file [D:\xm\hd_springboot\target\classes\mapping\mapping1\TGoodsPlayPointMapper.xml]'
