2020-05-22 11:53:19.796 [ main ] - [ DEBUG ] [ com.hd.beast.BeastApplication : 56 ] - Running with Spring Boot v2.3.0.RELEASE, Spring v5.2.6.RELEASE
2020-05-22 11:53:21.665 [ main ] - [ DEBUG ] [ org.apache.ibatis.logging.LogFactory : 105 ] - Logging initialized using 'class org.apache.ibatis.logging.slf4j.Slf4jImpl' adapter.
2020-05-22 11:53:21.672 [ main ] - [ DEBUG ] [ org.mybatis.spring.mapper.ClassPathMapperScanner : 435 ] - Identified candidate component class: file [D:\xm\hd_springboot\target\classes\com\hd\beast\mapper\mapper2\TManagerCommodityMapper.class]
2020-05-22 11:53:21.673 [ main ] - [ DEBUG ] [ org.mybatis.spring.mapper.ClassPathMapperScanner : 49 ] - Creating MapperFactoryBean with name 'TManagerCommodityMapper' and 'com.hd.beast.mapper.mapper2.TManagerCommodityMapper' mapperInterface
2020-05-22 11:53:21.693 [ main ] - [ DEBUG ] [ org.mybatis.spring.mapper.ClassPathMapperScanner : 435 ] - Identified candidate component class: file [D:\xm\hd_springboot\target\classes\com\hd\beast\mapper\mapper1\TGoodsPlayPointMapper.class]
2020-05-22 11:53:21.693 [ main ] - [ DEBUG ] [ org.mybatis.spring.mapper.ClassPathMapperScanner : 49 ] - Creating MapperFactoryBean with name 'TGoodsPlayPointMapper' and 'com.hd.beast.mapper.mapper1.TGoodsPlayPointMapper' mapperInterface
2020-05-22 11:53:23.101 [ main ] - [ DEBUG ] [ org.mybatis.spring.SqlSessionFactoryBean : 49 ] - Property 'configuration' or 'configLocation' not specified, using default MyBatis Configuration
2020-05-22 11:53:23.165 [ main ] - [ DEBUG ] [ org.mybatis.spring.SqlSessionFactoryBean : 49 ] - Registered plugin: 'com.github.pagehelper.PageInterceptor@4fdca00a'
2020-05-22 11:53:23.352 [ main ] - [ DEBUG ] [ org.mybatis.spring.SqlSessionFactoryBean : 49 ] - Parsed mapper file: 'file [D:\xm\hd_springboot\target\classes\mapping\mapping2\TManagerCommodityMapper.xml]'
2020-05-22 11:53:23.374 [ main ] - [ DEBUG ] [ org.mybatis.spring.SqlSessionFactoryBean : 49 ] - Property 'configuration' or 'configLocation' not specified, using default MyBatis Configuration
2020-05-22 11:53:23.376 [ main ] - [ DEBUG ] [ org.mybatis.spring.SqlSessionFactoryBean : 49 ] - Registered plugin: 'com.github.pagehelper.PageInterceptor@6690b9fa'
2020-05-22 11:53:23.421 [ main ] - [ DEBUG ] [ org.mybatis.spring.SqlSessionFactoryBean : 49 ] - Parsed mapper file: 'file [D:\xm\hd_springboot\target\classes\mapping\mapping1\TGoodsPlayPointMapper.xml]'
2020-05-22 16:41:14.154 [ main ] - [ DEBUG ] [ com.hd.beast.BeastApplication : 56 ] - Running with Spring Boot v2.3.0.RELEASE, Spring v5.2.6.RELEASE
2020-05-22 16:41:15.705 [ main ] - [ DEBUG ] [ org.apache.ibatis.logging.LogFactory : 105 ] - Logging initialized using 'class org.apache.ibatis.logging.slf4j.Slf4jImpl' adapter.
2020-05-22 16:41:15.709 [ main ] - [ DEBUG ] [ org.mybatis.spring.mapper.ClassPathMapperScanner : 435 ] - Identified candidate component class: file [D:\xm\hd_springboot\target\classes\com\hd\beast\mapper\mapper2\TManagerCommodityMapper.class]
2020-05-22 16:41:15.710 [ main ] - [ DEBUG ] [ org.mybatis.spring.mapper.ClassPathMapperScanner : 49 ] - Creating MapperFactoryBean with name 'TManagerCommodityMapper' and 'com.hd.beast.mapper.mapper2.TManagerCommodityMapper' mapperInterface
2020-05-22 16:41:15.721 [ main ] - [ DEBUG ] [ org.mybatis.spring.mapper.ClassPathMapperScanner : 435 ] - Identified candidate component class: file [D:\xm\hd_springboot\target\classes\com\hd\beast\mapper\mapper1\TGoodsPlayPointMapper.class]
2020-05-22 16:41:15.721 [ main ] - [ DEBUG ] [ org.mybatis.spring.mapper.ClassPathMapperScanner : 49 ] - Creating MapperFactoryBean with name 'TGoodsPlayPointMapper' and 'com.hd.beast.mapper.mapper1.TGoodsPlayPointMapper' mapperInterface
2020-05-22 16:41:16.968 [ main ] - [ DEBUG ] [ org.mybatis.spring.SqlSessionFactoryBean : 49 ] - Property 'configuration' or 'configLocation' not specified, using default MyBatis Configuration
2020-05-22 16:41:17.019 [ main ] - [ DEBUG ] [ org.mybatis.spring.SqlSessionFactoryBean : 49 ] - Registered plugin: 'com.github.pagehelper.PageInterceptor@19a31b9d'
2020-05-22 16:41:17.174 [ main ] - [ DEBUG ] [ org.mybatis.spring.SqlSessionFactoryBean : 49 ] - Parsed mapper file: 'file [D:\xm\hd_springboot\target\classes\mapping\mapping2\TManagerCommodityMapper.xml]'
2020-05-22 16:41:17.206 [ main ] - [ DEBUG ] [ org.mybatis.spring.SqlSessionFactoryBean : 49 ] - Property 'configuration' or 'configLocation' not specified, using default MyBatis Configuration
2020-05-22 16:41:17.207 [ main ] - [ DEBUG ] [ org.mybatis.spring.SqlSessionFactoryBean : 49 ] - Registered plugin: 'com.github.pagehelper.PageInterceptor@3451f01d'
2020-05-22 16:41:17.238 [ main ] - [ DEBUG ] [ org.mybatis.spring.SqlSessionFactoryBean : 49 ] - Parsed mapper file: 'file [D:\xm\hd_springboot\target\classes\mapping\mapping1\TGoodsPlayPointMapper.xml]'
2020-05-22 16:41:33.383 [ http-nio-8080-exec-1 ] - [ DEBUG ] [ com.hd.beast.controller.CommodityController : 97 ] - 日志输出测试 Debug
2020-05-22 16:41:33.405 [ http-nio-8080-exec-1 ] - [ DEBUG ] [ org.mybatis.spring.SqlSessionUtils : 49 ] - Creating a new SqlSession
2020-05-22 16:41:33.419 [ http-nio-8080-exec-1 ] - [ DEBUG ] [ org.mybatis.spring.SqlSessionUtils : 49 ] - SqlSession [org.apache.ibatis.session.defaults.DefaultSqlSession@5428a751] was not registered for synchronization because synchronization is not active
2020-05-22 16:41:33.737 [ http-nio-8080-exec-1 ] - [ DEBUG ] [ o.m.spring.transaction.SpringManagedTransaction : 49 ] - JDBC Connection [com.alibaba.druid.proxy.jdbc.ConnectionProxyImpl@48a2ca3c] will not be managed by Spring
2020-05-22 16:41:33.746 [ http-nio-8080-exec-1 ] - [ DEBUG ] [ c.h.b.m.mapper1.TGoodsPlayPointMapper.selectById : 143 ] - ==>  Preparing: select goods_no, goods_name, goods_logo, goods_type_id, goods_type_name, goods_original_price, goods_sell_price, routing_direction, mapping_goods_id, is_specials, show_on, sort_flag, create_time, raise_start_time, raise_end_time, lottery_start_time, status, total_point, point_id, point_name, point_value, issue, spk_nature_id, sell_amount, total_amount, buy_max, buy_min, point_cv, virtual, sell_amount_fake from "public"."T_GOODS_PLAY_POINT" where goods_no = ? 
2020-05-22 16:41:33.892 [ http-nio-8080-exec-1 ] - [ DEBUG ] [ c.h.b.m.mapper1.TGoodsPlayPointMapper.selectById : 143 ] - ==> Parameters: 1004(Long)
2020-05-22 16:41:33.928 [ http-nio-8080-exec-1 ] - [ DEBUG ] [ c.h.b.m.mapper1.TGoodsPlayPointMapper.selectById : 143 ] - <==      Total: 1
2020-05-22 16:41:33.934 [ http-nio-8080-exec-1 ] - [ DEBUG ] [ org.mybatis.spring.SqlSessionUtils : 49 ] - Closing non transactional SqlSession [org.apache.ibatis.session.defaults.DefaultSqlSession@5428a751]
2020-05-22 16:41:35.907 [ http-nio-8080-exec-2 ] - [ DEBUG ] [ com.hd.beast.controller.CommodityController : 97 ] - 日志输出测试 Debug
2020-05-22 16:41:35.909 [ http-nio-8080-exec-2 ] - [ DEBUG ] [ org.mybatis.spring.SqlSessionUtils : 49 ] - Creating a new SqlSession
2020-05-22 16:41:35.910 [ http-nio-8080-exec-2 ] - [ DEBUG ] [ org.mybatis.spring.SqlSessionUtils : 49 ] - SqlSession [org.apache.ibatis.session.defaults.DefaultSqlSession@3c732782] was not registered for synchronization because synchronization is not active
2020-05-22 16:41:35.912 [ http-nio-8080-exec-2 ] - [ DEBUG ] [ o.m.spring.transaction.SpringManagedTransaction : 49 ] - JDBC Connection [com.alibaba.druid.proxy.jdbc.ConnectionProxyImpl@48a2ca3c] will not be managed by Spring
2020-05-22 16:41:35.914 [ http-nio-8080-exec-2 ] - [ DEBUG ] [ c.h.b.m.mapper1.TGoodsPlayPointMapper.selectById : 143 ] - ==>  Preparing: select goods_no, goods_name, goods_logo, goods_type_id, goods_type_name, goods_original_price, goods_sell_price, routing_direction, mapping_goods_id, is_specials, show_on, sort_flag, create_time, raise_start_time, raise_end_time, lottery_start_time, status, total_point, point_id, point_name, point_value, issue, spk_nature_id, sell_amount, total_amount, buy_max, buy_min, point_cv, virtual, sell_amount_fake from "public"."T_GOODS_PLAY_POINT" where goods_no = ? 
2020-05-22 16:41:35.918 [ http-nio-8080-exec-2 ] - [ DEBUG ] [ c.h.b.m.mapper1.TGoodsPlayPointMapper.selectById : 143 ] - ==> Parameters: 1(Long)
2020-05-22 16:41:35.926 [ http-nio-8080-exec-2 ] - [ DEBUG ] [ c.h.b.m.mapper1.TGoodsPlayPointMapper.selectById : 143 ] - <==      Total: 0
2020-05-22 16:41:35.927 [ http-nio-8080-exec-2 ] - [ DEBUG ] [ org.mybatis.spring.SqlSessionUtils : 49 ] - Closing non transactional SqlSession [org.apache.ibatis.session.defaults.DefaultSqlSession@3c732782]
2020-05-22 16:48:13.149 [ main ] - [ DEBUG ] [ com.hd.beast.BeastApplication : 56 ] - Running with Spring Boot v2.3.0.RELEASE, Spring v5.2.6.RELEASE
2020-05-22 16:48:14.598 [ main ] - [ DEBUG ] [ org.apache.ibatis.logging.LogFactory : 105 ] - Logging initialized using 'class org.apache.ibatis.logging.slf4j.Slf4jImpl' adapter.
2020-05-22 16:48:14.602 [ main ] - [ DEBUG ] [ org.mybatis.spring.mapper.ClassPathMapperScanner : 435 ] - Identified candidate component class: file [D:\xm\hd_springboot\target\classes\com\hd\beast\mapper\mapper2\TManagerCommodityMapper.class]
2020-05-22 16:48:14.605 [ main ] - [ DEBUG ] [ org.mybatis.spring.mapper.ClassPathMapperScanner : 49 ] - Creating MapperFactoryBean with name 'TManagerCommodityMapper' and 'com.hd.beast.mapper.mapper2.TManagerCommodityMapper' mapperInterface
2020-05-22 16:48:14.625 [ main ] - [ DEBUG ] [ org.mybatis.spring.mapper.ClassPathMapperScanner : 435 ] - Identified candidate component class: file [D:\xm\hd_springboot\target\classes\com\hd\beast\mapper\mapper1\TGoodsPlayPointMapper.class]
2020-05-22 16:48:14.627 [ main ] - [ DEBUG ] [ org.mybatis.spring.mapper.ClassPathMapperScanner : 49 ] - Creating MapperFactoryBean with name 'TGoodsPlayPointMapper' and 'com.hd.beast.mapper.mapper1.TGoodsPlayPointMapper' mapperInterface
2020-05-22 16:48:16.067 [ main ] - [ DEBUG ] [ org.mybatis.spring.SqlSessionFactoryBean : 49 ] - Property 'configuration' or 'configLocation' not specified, using default MyBatis Configuration
2020-05-22 16:48:16.128 [ main ] - [ DEBUG ] [ org.mybatis.spring.SqlSessionFactoryBean : 49 ] - Registered plugin: 'com.github.pagehelper.PageInterceptor@493ac8d3'
2020-05-22 16:48:16.313 [ main ] - [ DEBUG ] [ org.mybatis.spring.SqlSessionFactoryBean : 49 ] - Parsed mapper file: 'file [D:\xm\hd_springboot\target\classes\mapping\mapping2\TManagerCommodityMapper.xml]'
2020-05-22 16:48:16.425 [ main ] - [ DEBUG ] [ org.mybatis.spring.SqlSessionFactoryBean : 49 ] - Property 'configuration' or 'configLocation' not specified, using default MyBatis Configuration
2020-05-22 16:48:16.425 [ main ] - [ DEBUG ] [ org.mybatis.spring.SqlSessionFactoryBean : 49 ] - Registered plugin: 'com.github.pagehelper.PageInterceptor@4a44cfc0'
2020-05-22 16:48:16.468 [ main ] - [ DEBUG ] [ org.mybatis.spring.SqlSessionFactoryBean : 49 ] - Parsed mapper file: 'file [D:\xm\hd_springboot\target\classes\mapping\mapping1\TGoodsPlayPointMapper.xml]'
2020-05-22 16:51:20.592 [ main ] - [ DEBUG ] [ com.hd.beast.BeastApplication : 56 ] - Running with Spring Boot v2.3.0.RELEASE, Spring v5.2.6.RELEASE
2020-05-22 16:51:25.982 [ main ] - [ DEBUG ] [ org.apache.ibatis.logging.LogFactory : 105 ] - Logging initialized using 'class org.apache.ibatis.logging.slf4j.Slf4jImpl' adapter.
2020-05-22 16:51:25.990 [ main ] - [ DEBUG ] [ org.mybatis.spring.mapper.ClassPathMapperScanner : 435 ] - Identified candidate component class: file [D:\xm\hd_springboot\target\classes\com\hd\beast\mapper\mapper2\TManagerCommodityMapper.class]
2020-05-22 16:51:25.994 [ main ] - [ DEBUG ] [ org.mybatis.spring.mapper.ClassPathMapperScanner : 49 ] - Creating MapperFactoryBean with name 'TManagerCommodityMapper' and 'com.hd.beast.mapper.mapper2.TManagerCommodityMapper' mapperInterface
2020-05-22 16:51:26.047 [ main ] - [ DEBUG ] [ org.mybatis.spring.mapper.ClassPathMapperScanner : 435 ] - Identified candidate component class: file [D:\xm\hd_springboot\target\classes\com\hd\beast\mapper\mapper1\TGoodsPlayPointMapper.class]
2020-05-22 16:51:26.048 [ main ] - [ DEBUG ] [ org.mybatis.spring.mapper.ClassPathMapperScanner : 49 ] - Creating MapperFactoryBean with name 'TGoodsPlayPointMapper' and 'com.hd.beast.mapper.mapper1.TGoodsPlayPointMapper' mapperInterface
2020-05-22 16:51:33.068 [ main ] - [ DEBUG ] [ org.mybatis.spring.SqlSessionFactoryBean : 49 ] - Property 'configuration' or 'configLocation' not specified, using default MyBatis Configuration
2020-05-22 16:51:33.227 [ main ] - [ DEBUG ] [ org.mybatis.spring.SqlSessionFactoryBean : 49 ] - Registered plugin: 'com.github.pagehelper.PageInterceptor@559cedee'
2020-05-22 16:51:33.784 [ main ] - [ DEBUG ] [ org.mybatis.spring.SqlSessionFactoryBean : 49 ] - Parsed mapper file: 'file [D:\xm\hd_springboot\target\classes\mapping\mapping2\TManagerCommodityMapper.xml]'
2020-05-22 16:51:33.830 [ main ] - [ DEBUG ] [ org.mybatis.spring.SqlSessionFactoryBean : 49 ] - Property 'configuration' or 'configLocation' not specified, using default MyBatis Configuration
2020-05-22 16:51:33.832 [ main ] - [ DEBUG ] [ org.mybatis.spring.SqlSessionFactoryBean : 49 ] - Registered plugin: 'com.github.pagehelper.PageInterceptor@314b9e4b'
2020-05-22 16:51:33.893 [ main ] - [ DEBUG ] [ org.mybatis.spring.SqlSessionFactoryBean : 49 ] - Parsed mapper file: 'file [D:\xm\hd_springboot\target\classes\mapping\mapping1\TGoodsPlayPointMapper.xml]'
2020-05-22 16:54:07.991 [ main ] - [ DEBUG ] [ com.hd.beast.BeastApplication : 56 ] - Running with Spring Boot v2.3.0.RELEASE, Spring v5.2.6.RELEASE
2020-05-22 16:54:09.625 [ main ] - [ DEBUG ] [ org.apache.ibatis.logging.LogFactory : 105 ] - Logging initialized using 'class org.apache.ibatis.logging.slf4j.Slf4jImpl' adapter.
2020-05-22 16:54:09.630 [ main ] - [ DEBUG ] [ org.mybatis.spring.mapper.ClassPathMapperScanner : 435 ] - Identified candidate component class: file [D:\xm\hd_springboot\target\classes\com\hd\beast\mapper\mapper2\TManagerCommodityMapper.class]
2020-05-22 16:54:09.631 [ main ] - [ DEBUG ] [ org.mybatis.spring.mapper.ClassPathMapperScanner : 49 ] - Creating MapperFactoryBean with name 'TManagerCommodityMapper' and 'com.hd.beast.mapper.mapper2.TManagerCommodityMapper' mapperInterface
2020-05-22 16:54:09.643 [ main ] - [ DEBUG ] [ org.mybatis.spring.mapper.ClassPathMapperScanner : 435 ] - Identified candidate component class: file [D:\xm\hd_springboot\target\classes\com\hd\beast\mapper\mapper1\TGoodsPlayPointMapper.class]
2020-05-22 16:54:09.644 [ main ] - [ DEBUG ] [ org.mybatis.spring.mapper.ClassPathMapperScanner : 49 ] - Creating MapperFactoryBean with name 'TGoodsPlayPointMapper' and 'com.hd.beast.mapper.mapper1.TGoodsPlayPointMapper' mapperInterface
2020-05-22 16:54:11.206 [ main ] - [ DEBUG ] [ org.mybatis.spring.SqlSessionFactoryBean : 49 ] - Property 'configuration' or 'configLocation' not specified, using default MyBatis Configuration
2020-05-22 16:54:11.260 [ main ] - [ DEBUG ] [ org.mybatis.spring.SqlSessionFactoryBean : 49 ] - Registered plugin: 'com.github.pagehelper.PageInterceptor@5eea5627'
2020-05-22 16:54:11.427 [ main ] - [ DEBUG ] [ org.mybatis.spring.SqlSessionFactoryBean : 49 ] - Parsed mapper file: 'file [D:\xm\hd_springboot\target\classes\mapping\mapping2\TManagerCommodityMapper.xml]'
2020-05-22 16:54:11.522 [ main ] - [ DEBUG ] [ org.mybatis.spring.SqlSessionFactoryBean : 49 ] - Property 'configuration' or 'configLocation' not specified, using default MyBatis Configuration
2020-05-22 16:54:11.523 [ main ] - [ DEBUG ] [ org.mybatis.spring.SqlSessionFactoryBean : 49 ] - Registered plugin: 'com.github.pagehelper.PageInterceptor@63f855b'
2020-05-22 16:54:11.554 [ main ] - [ DEBUG ] [ org.mybatis.spring.SqlSessionFactoryBean : 49 ] - Parsed mapper file: 'file [D:\xm\hd_springboot\target\classes\mapping\mapping1\TGoodsPlayPointMapper.xml]'
2020-05-22 16:58:12.717 [ main ] - [ DEBUG ] [ com.hd.beast.BeastApplication : 56 ] - Running with Spring Boot v2.3.0.RELEASE, Spring v5.2.6.RELEASE
2020-05-22 16:58:14.171 [ main ] - [ DEBUG ] [ org.apache.ibatis.logging.LogFactory : 105 ] - Logging initialized using 'class org.apache.ibatis.logging.slf4j.Slf4jImpl' adapter.
2020-05-22 16:58:14.177 [ main ] - [ DEBUG ] [ org.mybatis.spring.mapper.ClassPathMapperScanner : 435 ] - Identified candidate component class: file [D:\xm\hd_springboot\target\classes\com\hd\beast\mapper\mapper2\TManagerCommodityMapper.class]
2020-05-22 16:58:14.181 [ main ] - [ DEBUG ] [ org.mybatis.spring.mapper.ClassPathMapperScanner : 49 ] - Creating MapperFactoryBean with name 'TManagerCommodityMapper' and 'com.hd.beast.mapper.mapper2.TManagerCommodityMapper' mapperInterface
2020-05-22 16:58:14.196 [ main ] - [ DEBUG ] [ org.mybatis.spring.mapper.ClassPathMapperScanner : 435 ] - Identified candidate component class: file [D:\xm\hd_springboot\target\classes\com\hd\beast\mapper\mapper1\TGoodsPlayPointMapper.class]
2020-05-22 16:58:14.197 [ main ] - [ DEBUG ] [ org.mybatis.spring.mapper.ClassPathMapperScanner : 49 ] - Creating MapperFactoryBean with name 'TGoodsPlayPointMapper' and 'com.hd.beast.mapper.mapper1.TGoodsPlayPointMapper' mapperInterface
2020-05-22 16:58:15.451 [ main ] - [ DEBUG ] [ org.mybatis.spring.SqlSessionFactoryBean : 49 ] - Property 'configuration' or 'configLocation' not specified, using default MyBatis Configuration
2020-05-22 16:58:15.502 [ main ] - [ DEBUG ] [ org.mybatis.spring.SqlSessionFactoryBean : 49 ] - Registered plugin: 'com.github.pagehelper.PageInterceptor@443faa85'
2020-05-22 16:58:15.740 [ main ] - [ DEBUG ] [ org.mybatis.spring.SqlSessionFactoryBean : 49 ] - Parsed mapper file: 'file [D:\xm\hd_springboot\target\classes\mapping\mapping2\TManagerCommodityMapper.xml]'
2020-05-22 16:58:15.763 [ main ] - [ DEBUG ] [ org.mybatis.spring.SqlSessionFactoryBean : 49 ] - Property 'configuration' or 'configLocation' not specified, using default MyBatis Configuration
2020-05-22 16:58:15.764 [ main ] - [ DEBUG ] [ org.mybatis.spring.SqlSessionFactoryBean : 49 ] - Registered plugin: 'com.github.pagehelper.PageInterceptor@46dcbeab'
2020-05-22 16:58:15.797 [ main ] - [ DEBUG ] [ org.mybatis.spring.SqlSessionFactoryBean : 49 ] - Parsed mapper file: 'file [D:\xm\hd_springboot\target\classes\mapping\mapping1\TGoodsPlayPointMapper.xml]'
2020-05-22 16:58:48.056 [ main ] - [ DEBUG ] [ com.hd.beast.BeastApplication : 56 ] - Running with Spring Boot v2.3.0.RELEASE, Spring v5.2.6.RELEASE
2020-05-22 16:58:49.709 [ main ] - [ DEBUG ] [ org.apache.ibatis.logging.LogFactory : 105 ] - Logging initialized using 'class org.apache.ibatis.logging.slf4j.Slf4jImpl' adapter.
2020-05-22 16:58:49.712 [ main ] - [ DEBUG ] [ org.mybatis.spring.mapper.ClassPathMapperScanner : 435 ] - Identified candidate component class: file [D:\xm\hd_springboot\target\classes\com\hd\beast\mapper\mapper2\TManagerCommodityMapper.class]
2020-05-22 16:58:49.713 [ main ] - [ DEBUG ] [ org.mybatis.spring.mapper.ClassPathMapperScanner : 49 ] - Creating MapperFactoryBean with name 'TManagerCommodityMapper' and 'com.hd.beast.mapper.mapper2.TManagerCommodityMapper' mapperInterface
2020-05-22 16:58:49.726 [ main ] - [ DEBUG ] [ org.mybatis.spring.mapper.ClassPathMapperScanner : 435 ] - Identified candidate component class: file [D:\xm\hd_springboot\target\classes\com\hd\beast\mapper\mapper1\TGoodsPlayPointMapper.class]
2020-05-22 16:58:49.726 [ main ] - [ DEBUG ] [ org.mybatis.spring.mapper.ClassPathMapperScanner : 49 ] - Creating MapperFactoryBean with name 'TGoodsPlayPointMapper' and 'com.hd.beast.mapper.mapper1.TGoodsPlayPointMapper' mapperInterface
2020-05-22 16:59:16.370 [ main ] - [ DEBUG ] [ com.hd.beast.BeastApplication : 56 ] - Running with Spring Boot v2.3.0.RELEASE, Spring v5.2.6.RELEASE
2020-05-22 16:59:17.645 [ main ] - [ DEBUG ] [ org.apache.ibatis.logging.LogFactory : 105 ] - Logging initialized using 'class org.apache.ibatis.logging.slf4j.Slf4jImpl' adapter.
2020-05-22 16:59:17.651 [ main ] - [ DEBUG ] [ org.mybatis.spring.mapper.ClassPathMapperScanner : 435 ] - Identified candidate component class: file [D:\xm\hd_springboot\target\classes\com\hd\beast\mapper\mapper2\TManagerCommodityMapper.class]
2020-05-22 16:59:17.652 [ main ] - [ DEBUG ] [ org.mybatis.spring.mapper.ClassPathMapperScanner : 49 ] - Creating MapperFactoryBean with name 'TManagerCommodityMapper' and 'com.hd.beast.mapper.mapper2.TManagerCommodityMapper' mapperInterface
2020-05-22 16:59:17.663 [ main ] - [ DEBUG ] [ org.mybatis.spring.mapper.ClassPathMapperScanner : 435 ] - Identified candidate component class: file [D:\xm\hd_springboot\target\classes\com\hd\beast\mapper\mapper1\TGoodsPlayPointMapper.class]
2020-05-22 16:59:17.663 [ main ] - [ DEBUG ] [ org.mybatis.spring.mapper.ClassPathMapperScanner : 49 ] - Creating MapperFactoryBean with name 'TGoodsPlayPointMapper' and 'com.hd.beast.mapper.mapper1.TGoodsPlayPointMapper' mapperInterface
