2020-05-25 13:43:18.515 [ main ] - [ INFO  ] [ com.hd.beast.BeastApplication : 55 ] - Starting BeastApplication on DESKTOP-CI6I45U with PID 15416 (D:\xm\hd_springboot\target\classes started by liandian in D:\xm\hd_springboot)
2020-05-25 13:43:18.521 [ main ] - [ INFO  ] [ com.hd.beast.BeastApplication : 655 ] - The following profiles are active: dev
2020-05-25 13:43:20.842 [ main ] - [ INFO  ] [ org.apache.coyote.http11.Http11NioProtocol : 173 ] - Initializing ProtocolHandler ["http-nio-8080"]
2020-05-25 13:43:20.843 [ main ] - [ INFO  ] [ org.apache.catalina.core.StandardService : 173 ] - Starting service [Tomcat]
2020-05-25 13:43:20.844 [ main ] - [ INFO  ] [ org.apache.catalina.core.StandardEngine : 173 ] - Starting Servlet engine: [Apache Tomcat/9.0.35]
2020-05-25 13:43:21.323 [ main ] - [ INFO  ] [ o.a.c.core.ContainerBase.[Tomcat].[localhost].[/] : 173 ] - Initializing Spring embedded WebApplicationContext
2020-05-25 13:43:22.811 [ main ] - [ INFO  ] [ org.apache.coyote.http11.Http11NioProtocol : 173 ] - Starting ProtocolHandler ["http-nio-8080"]
2020-05-25 13:43:22.882 [ main ] - [ INFO  ] [ com.hd.beast.BeastApplication : 61 ] - Started BeastApplication in 5.64 seconds (JVM running for 10.591)
2020-05-25 13:43:39.438 [ http-nio-8080-exec-1 ] - [ INFO  ] [ o.a.c.core.ContainerBase.[Tomcat].[localhost].[/] : 173 ] - Initializing Spring DispatcherServlet 'dispatcherServlet'
2020-05-25 14:12:04.715 [ main ] - [ INFO  ] [ com.hd.beast.BeastApplication : 55 ] - Starting BeastApplication on DESKTOP-CI6I45U with PID 30008 (D:\xm\hd_springboot\target\classes started by liandian in D:\xm\hd_springboot)
2020-05-25 14:12:04.722 [ main ] - [ INFO  ] [ com.hd.beast.BeastApplication : 655 ] - The following profiles are active: dev
2020-05-25 14:12:06.519 [ main ] - [ INFO  ] [ org.apache.coyote.http11.Http11NioProtocol : 173 ] - Initializing ProtocolHandler ["http-nio-8080"]
2020-05-25 14:12:06.520 [ main ] - [ INFO  ] [ org.apache.catalina.core.StandardService : 173 ] - Starting service [Tomcat]
2020-05-25 14:12:06.520 [ main ] - [ INFO  ] [ org.apache.catalina.core.StandardEngine : 173 ] - Starting Servlet engine: [Apache Tomcat/9.0.35]
2020-05-25 14:12:06.612 [ main ] - [ INFO  ] [ o.a.c.core.ContainerBase.[Tomcat].[localhost].[/] : 173 ] - Initializing Spring embedded WebApplicationContext
2020-05-25 14:12:07.614 [ main ] - [ INFO  ] [ org.apache.coyote.http11.Http11NioProtocol : 173 ] - Starting ProtocolHandler ["http-nio-8080"]
2020-05-25 14:12:07.673 [ main ] - [ INFO  ] [ com.hd.beast.BeastApplication : 61 ] - Started BeastApplication in 4.205 seconds (JVM running for 6.2)
2020-05-25 14:12:22.551 [ http-nio-8080-exec-1 ] - [ INFO  ] [ o.a.c.core.ContainerBase.[Tomcat].[localhost].[/] : 173 ] - Initializing Spring DispatcherServlet 'dispatcherServlet'
2020-05-25 14:57:27.236 [ main ] - [ INFO  ] [ com.hd.beast.BeastApplication : 55 ] - Starting BeastApplication on DESKTOP-CI6I45U with PID 31528 (D:\xm\hd_springboot\target\classes started by liandian in D:\xm\hd_springboot)
2020-05-25 14:57:27.257 [ main ] - [ INFO  ] [ com.hd.beast.BeastApplication : 655 ] - The following profiles are active: dev
2020-05-25 14:57:29.492 [ main ] - [ INFO  ] [ org.apache.coyote.http11.Http11NioProtocol : 173 ] - Initializing ProtocolHandler ["http-nio-8080"]
2020-05-25 14:57:29.493 [ main ] - [ INFO  ] [ org.apache.catalina.core.StandardService : 173 ] - Starting service [Tomcat]
2020-05-25 14:57:29.493 [ main ] - [ INFO  ] [ org.apache.catalina.core.StandardEngine : 173 ] - Starting Servlet engine: [Apache Tomcat/9.0.35]
2020-05-25 14:57:29.584 [ main ] - [ INFO  ] [ o.a.c.core.ContainerBase.[Tomcat].[localhost].[/] : 173 ] - Initializing Spring embedded WebApplicationContext
2020-05-25 14:57:30.676 [ main ] - [ INFO  ] [ org.apache.coyote.http11.Http11NioProtocol : 173 ] - Starting ProtocolHandler ["http-nio-8080"]
2020-05-25 14:57:30.731 [ main ] - [ INFO  ] [ com.hd.beast.BeastApplication : 61 ] - Started BeastApplication in 5.034 seconds (JVM running for 8.072)
2020-05-25 15:02:16.112 [ http-nio-8080-exec-1 ] - [ INFO  ] [ o.a.c.core.ContainerBase.[Tomcat].[localhost].[/] : 173 ] - Initializing Spring DispatcherServlet 'dispatcherServlet'
2020-05-25 15:20:53.326 [ main ] - [ INFO  ] [ com.hd.beast.BeastApplication : 55 ] - Starting BeastApplication on DESKTOP-CI6I45U with PID 26188 (D:\xm\hd_springboot\target\classes started by liandian in D:\xm\hd_springboot)
2020-05-25 15:20:53.333 [ main ] - [ INFO  ] [ com.hd.beast.BeastApplication : 655 ] - The following profiles are active: dev
2020-05-25 15:20:55.053 [ main ] - [ INFO  ] [ org.apache.coyote.http11.Http11NioProtocol : 173 ] - Initializing ProtocolHandler ["http-nio-8080"]
2020-05-25 15:20:55.054 [ main ] - [ INFO  ] [ org.apache.catalina.core.StandardService : 173 ] - Starting service [Tomcat]
2020-05-25 15:20:55.055 [ main ] - [ INFO  ] [ org.apache.catalina.core.StandardEngine : 173 ] - Starting Servlet engine: [Apache Tomcat/9.0.35]
2020-05-25 15:20:55.146 [ main ] - [ INFO  ] [ o.a.c.core.ContainerBase.[Tomcat].[localhost].[/] : 173 ] - Initializing Spring embedded WebApplicationContext
2020-05-25 15:20:56.278 [ main ] - [ INFO  ] [ org.apache.coyote.http11.Http11NioProtocol : 173 ] - Starting ProtocolHandler ["http-nio-8080"]
2020-05-25 15:20:56.339 [ main ] - [ INFO  ] [ com.hd.beast.BeastApplication : 61 ] - Started BeastApplication in 4.316 seconds (JVM running for 6.134)
2020-05-25 15:21:08.527 [ http-nio-8080-exec-2 ] - [ INFO  ] [ o.a.c.core.ContainerBase.[Tomcat].[localhost].[/] : 173 ] - Initializing Spring DispatcherServlet 'dispatcherServlet'
2020-05-25 15:21:50.659 [ main ] - [ INFO  ] [ com.hd.beast.BeastApplication : 55 ] - Starting BeastApplication on DESKTOP-CI6I45U with PID 31260 (D:\xm\hd_springboot\target\classes started by liandian in D:\xm\hd_springboot)
2020-05-25 15:21:50.663 [ main ] - [ INFO  ] [ com.hd.beast.BeastApplication : 655 ] - The following profiles are active: dev
2020-05-25 15:21:52.300 [ main ] - [ INFO  ] [ org.apache.coyote.http11.Http11NioProtocol : 173 ] - Initializing ProtocolHandler ["http-nio-8080"]
2020-05-25 15:21:52.301 [ main ] - [ INFO  ] [ org.apache.catalina.core.StandardService : 173 ] - Starting service [Tomcat]
2020-05-25 15:21:52.301 [ main ] - [ INFO  ] [ org.apache.catalina.core.StandardEngine : 173 ] - Starting Servlet engine: [Apache Tomcat/9.0.35]
2020-05-25 15:21:52.391 [ main ] - [ INFO  ] [ o.a.c.core.ContainerBase.[Tomcat].[localhost].[/] : 173 ] - Initializing Spring embedded WebApplicationContext
2020-05-25 15:21:53.385 [ main ] - [ INFO  ] [ org.apache.coyote.http11.Http11NioProtocol : 173 ] - Starting ProtocolHandler ["http-nio-8080"]
2020-05-25 15:21:53.448 [ main ] - [ INFO  ] [ com.hd.beast.BeastApplication : 61 ] - Started BeastApplication in 4.081 seconds (JVM running for 5.599)
2020-05-25 15:22:08.198 [ http-nio-8080-exec-1 ] - [ INFO  ] [ o.a.c.core.ContainerBase.[Tomcat].[localhost].[/] : 173 ] - Initializing Spring DispatcherServlet 'dispatcherServlet'
2020-05-25 15:23:51.466 [ main ] - [ INFO  ] [ com.hd.beast.BeastApplication : 55 ] - Starting BeastApplication on DESKTOP-CI6I45U with PID 10580 (D:\xm\hd_springboot\target\classes started by liandian in D:\xm\hd_springboot)
2020-05-25 15:23:51.473 [ main ] - [ INFO  ] [ com.hd.beast.BeastApplication : 655 ] - The following profiles are active: dev
2020-05-25 15:23:53.223 [ main ] - [ INFO  ] [ org.apache.coyote.http11.Http11NioProtocol : 173 ] - Initializing ProtocolHandler ["http-nio-8080"]
2020-05-25 15:23:53.224 [ main ] - [ INFO  ] [ org.apache.catalina.core.StandardService : 173 ] - Starting service [Tomcat]
2020-05-25 15:23:53.225 [ main ] - [ INFO  ] [ org.apache.catalina.core.StandardEngine : 173 ] - Starting Servlet engine: [Apache Tomcat/9.0.35]
2020-05-25 15:23:53.315 [ main ] - [ INFO  ] [ o.a.c.core.ContainerBase.[Tomcat].[localhost].[/] : 173 ] - Initializing Spring embedded WebApplicationContext
2020-05-25 15:23:54.399 [ main ] - [ INFO  ] [ org.apache.coyote.http11.Http11NioProtocol : 173 ] - Starting ProtocolHandler ["http-nio-8080"]
2020-05-25 15:23:54.466 [ main ] - [ INFO  ] [ com.hd.beast.BeastApplication : 61 ] - Started BeastApplication in 4.28 seconds (JVM running for 5.972)
2020-05-25 15:24:06.112 [ http-nio-8080-exec-2 ] - [ INFO  ] [ o.a.c.core.ContainerBase.[Tomcat].[localhost].[/] : 173 ] - Initializing Spring DispatcherServlet 'dispatcherServlet'
2020-05-25 15:26:33.166 [ main ] - [ INFO  ] [ com.hd.beast.BeastApplication : 55 ] - Starting BeastApplication on DESKTOP-CI6I45U with PID 30512 (D:\xm\hd_springboot\target\classes started by liandian in D:\xm\hd_springboot)
2020-05-25 15:26:33.172 [ main ] - [ INFO  ] [ com.hd.beast.BeastApplication : 655 ] - The following profiles are active: dev
2020-05-25 15:26:35.145 [ main ] - [ INFO  ] [ org.apache.coyote.http11.Http11NioProtocol : 173 ] - Initializing ProtocolHandler ["http-nio-8080"]
2020-05-25 15:26:35.146 [ main ] - [ INFO  ] [ org.apache.catalina.core.StandardService : 173 ] - Starting service [Tomcat]
2020-05-25 15:26:35.146 [ main ] - [ INFO  ] [ org.apache.catalina.core.StandardEngine : 173 ] - Starting Servlet engine: [Apache Tomcat/9.0.35]
2020-05-25 15:26:35.239 [ main ] - [ INFO  ] [ o.a.c.core.ContainerBase.[Tomcat].[localhost].[/] : 173 ] - Initializing Spring embedded WebApplicationContext
2020-05-25 15:26:36.282 [ main ] - [ INFO  ] [ org.apache.coyote.http11.Http11NioProtocol : 173 ] - Starting ProtocolHandler ["http-nio-8080"]
2020-05-25 15:26:36.340 [ main ] - [ INFO  ] [ com.hd.beast.BeastApplication : 61 ] - Started BeastApplication in 4.62 seconds (JVM running for 6.233)
2020-05-25 15:26:39.504 [ http-nio-8080-exec-1 ] - [ INFO  ] [ o.a.c.core.ContainerBase.[Tomcat].[localhost].[/] : 173 ] - Initializing Spring DispatcherServlet 'dispatcherServlet'
